<?xml version="1.0" encoding="UTF-8"?>
<!-- Generated by org.testng.reporters.JUnitXMLReporter -->
<testsuite hostname="EPBYGOMW0114" ignored="1" name="Test Double Multiple Big Negative" tests="1" failures="0" timestamp="23 Apr 2018 14:02:31 GMT" time="0.04" errors="0">
  <testcase name="multDoubleTestExtended" time="0.001" classname="com.epam.mentoring.globoforce.calculator.test.MultDoubleTest"/>
  <testcase name="multDoubleTest" time="0.0" classname="com.epam.mentoring.globoforce.calculator.test.MultDoubleTest">
    <ignored/>
  </testcase> <!-- multDoubleTest -->
</testsuite> <!-- Test Double Multiple Big Negative -->
