<?xml version="1.0" encoding="UTF-8"?>
<!-- Generated by org.testng.reporters.JUnitXMLReporter -->
<testsuite hostname="EPBYGOMW0114" ignored="0" name="Test Double Multiple Big Positive" tests="5" failures="0" timestamp="22 Apr 2018 19:56:54 GMT" time="0.0" errors="0">
  <testcase name="multDoubleTestExtended" time="0.0" classname="com.epam.mentoring.globoforce.calculator.test.MultDoubleTest"/>
  <testcase name="multDoubleTest" time="0.0" classname="com.epam.mentoring.globoforce.calculator.test.MultDoubleTest"/>
  <testcase name="multDoubleTest" time="0.0" classname="com.epam.mentoring.globoforce.calculator.test.MultDoubleTest"/>
  <testcase name="multDoubleTest" time="0.0" classname="com.epam.mentoring.globoforce.calculator.test.MultDoubleTest"/>
  <testcase name="multDoubleTest" time="0.0" classname="com.epam.mentoring.globoforce.calculator.test.MultDoubleTest"/>
</testsuite> <!-- Test Double Multiple Big Positive -->
