<?xml version="1.0" encoding="UTF-8"?>
<!-- Generated by org.testng.reporters.JUnitXMLReporter -->
<testsuite hostname="EPBYGOMW0114" ignored="0" name="Test Positive double" tests="4" failures="0" timestamp="23 Apr 2018 14:02:30 GMT" time="0.054" errors="0">
  <testcase name="sumNegativeDouble" time="0.002" classname="com.epam.mentoring.globoforce.calculator.test.SumDoubleTest"/>
  <testcase name="sumPositiveDouble" time="0.003" classname="com.epam.mentoring.globoforce.calculator.test.SumDoubleTest"/>
  <testcase name="sumPositiveDoubleWithInt" time="0.001" classname="com.epam.mentoring.globoforce.calculator.test.SumDoubleTest"/>
  <testcase name="sumPositiveDoubleWithBigNumber" time="0.001" classname="com.epam.mentoring.globoforce.calculator.test.SumDoubleTest"/>
</testsuite> <!-- Test Positive double -->
