<?xml version="1.0" encoding="UTF-8"?>
<!-- Generated by org.testng.reporters.JUnitXMLReporter -->
<testsuite hostname="EPBYGOMW0114" ignored="1" name="Test Double Subtraction Big Negative" tests="1" failures="0" timestamp="23 Apr 2018 14:02:31 GMT" time="0.007" errors="0">
  <testcase name="subDoubleTestExtended" time="0.0" classname="com.epam.mentoring.globoforce.calculator.test.SubDoubleTest"/>
  <testcase name="subDoubleTest" time="0.0" classname="com.epam.mentoring.globoforce.calculator.test.SubDoubleTest">
    <ignored/>
  </testcase> <!-- subDoubleTest -->
</testsuite> <!-- Test Double Subtraction Big Negative -->
