<?xml version="1.0" encoding="UTF-8"?>
<!-- Generated by org.testng.reporters.JUnitXMLReporter -->
<testsuite hostname="EPBYGOMW0114" ignored="0" name="Test Double Subtraction Big Positive" tests="5" failures="0" timestamp="23 Apr 2018 14:02:31 GMT" time="0.027" errors="0">
  <testcase name="subDoubleTestExtended" time="0.0" classname="com.epam.mentoring.globoforce.calculator.test.SubDoubleTest"/>
  <testcase name="subDoubleTest" time="0.0" classname="com.epam.mentoring.globoforce.calculator.test.SubDoubleTest"/>
  <testcase name="subDoubleTest" time="0.0" classname="com.epam.mentoring.globoforce.calculator.test.SubDoubleTest"/>
  <testcase name="subDoubleTest" time="0.0" classname="com.epam.mentoring.globoforce.calculator.test.SubDoubleTest"/>
  <testcase name="subDoubleTest" time="0.0" classname="com.epam.mentoring.globoforce.calculator.test.SubDoubleTest"/>
</testsuite> <!-- Test Double Subtraction Big Positive -->
