<?xml version="1.0" encoding="UTF-8"?>
<!-- Generated by org.testng.reporters.JUnitXMLReporter -->
<testsuite hostname="EPBYGOMW0114" ignored="0" name="Test Double Division by Zero" tests="5" failures="0" timestamp="22 Apr 2018 19:56:54 GMT" time="0.01" errors="0">
  <testcase name="divLongTest" time="0.0" classname="com.epam.mentoring.globoforce.calculator.test.DivDoubleTest"/>
  <testcase name="divLongTest" time="0.0" classname="com.epam.mentoring.globoforce.calculator.test.DivDoubleTest"/>
  <testcase name="divLongTest" time="0.0" classname="com.epam.mentoring.globoforce.calculator.test.DivDoubleTest"/>
  <testcase name="divLongTest" time="0.0" classname="com.epam.mentoring.globoforce.calculator.test.DivDoubleTest"/>
  <testcase name="divDoubleTestException" time="0.0" classname="com.epam.mentoring.globoforce.calculator.test.DivDoubleTest"/>
</testsuite> <!-- Test Double Division by Zero -->
