<?xml version="1.0" encoding="UTF-8"?>
<!-- Generated by org.testng.reporters.JUnitXMLReporter -->
<testsuite hostname="EPBYGOMW0114" ignored="1" name="Test Long Subtraction Big Negative" tests="1" failures="0" timestamp="22 Apr 2018 19:56:54 GMT" time="0.01" errors="0">
  <testcase name="subLongTestExtended" time="0.0" classname="com.epam.mentoring.globoforce.calculator.test.SubLongTest"/>
  <testcase name="subLongTest" time="0.0" classname="com.epam.mentoring.globoforce.calculator.test.SubLongTest">
    <ignored/>
  </testcase> <!-- subLongTest -->
</testsuite> <!-- Test Long Subtraction Big Negative -->
