<?xml version="1.0" encoding="UTF-8"?>
<!-- Generated by org.testng.reporters.JUnitXMLReporter -->
<testsuite hostname="EPBYGOMW0114" ignored="0" name="Test Long Subtraction Big Positive" tests="5" failures="0" timestamp="22 Apr 2018 17:39:55 GMT" time="0.006" errors="0">
  <testcase name="subLongTest" time="0.0" classname="com.epam.mentoring.globoforce.calculator.test.SubLongTest"/>
  <testcase name="subLongTest" time="0.0" classname="com.epam.mentoring.globoforce.calculator.test.SubLongTest"/>
  <testcase name="subLongTest" time="0.0" classname="com.epam.mentoring.globoforce.calculator.test.SubLongTest"/>
  <testcase name="subLongTest" time="0.0" classname="com.epam.mentoring.globoforce.calculator.test.SubLongTest"/>
  <testcase name="subLongTestExtended" time="0.0" classname="com.epam.mentoring.globoforce.calculator.test.SubLongTest"/>
</testsuite> <!-- Test Long Subtraction Big Positive -->
