<?xml version="1.0" encoding="UTF-8"?>
<!-- Generated by org.testng.reporters.JUnitXMLReporter -->
<testsuite hostname="EPBYGOMW0114" ignored="3" name="Smoke test" tests="11" failures="11" timestamp="22 Apr 2018 17:43:26 GMT" time="0.014" errors="0">
  <testcase name="sumNegativeDouble" time="0.001" classname="com.epam.mentoring.globoforce.calculator.test.SumDoubleTest">
    <failure type="java.lang.NullPointerException">
      <![CDATA[java.lang.NullPointerException
	at com.epam.mentoring.globoforce.calculator.test.SumDoubleTest.sumNegativeDouble(SumDoubleTest.java:18)
	at com.epam.mentoring.globoforce.calculator.test.Runner.main(Runner.java:27)
... Removed 23 stack frames]]>
    </failure>
  </testcase> <!-- sumNegativeDouble -->
  <testcase name="sumPositiveDouble" time="0.0" classname="com.epam.mentoring.globoforce.calculator.test.SumDoubleTest">
    <failure type="java.lang.NullPointerException">
      <![CDATA[java.lang.NullPointerException
	at com.epam.mentoring.globoforce.calculator.test.SumDoubleTest.sumPositiveDouble(SumDoubleTest.java:13)
	at com.epam.mentoring.globoforce.calculator.test.Runner.main(Runner.java:27)
... Removed 23 stack frames]]>
    </failure>
  </testcase> <!-- sumPositiveDouble -->
  <testcase name="sumPositiveDoubleWithInt" time="0.0" classname="com.epam.mentoring.globoforce.calculator.test.SumDoubleTest">
    <failure type="java.lang.NullPointerException">
      <![CDATA[java.lang.NullPointerException
	at com.epam.mentoring.globoforce.calculator.test.SumDoubleTest.sumPositiveDoubleWithInt(SumDoubleTest.java:23)
	at com.epam.mentoring.globoforce.calculator.test.Runner.main(Runner.java:27)
... Removed 23 stack frames]]>
    </failure>
  </testcase> <!-- sumPositiveDoubleWithInt -->
  <testcase name="subDoubleTest" time="0.0" classname="com.epam.mentoring.globoforce.calculator.test.SubDoubleTest">
    <failure type="java.lang.NullPointerException">
      <![CDATA[java.lang.NullPointerException
	at com.epam.mentoring.globoforce.calculator.test.SubDoubleTest.subDoubleTest(SubDoubleTest.java:12)
	at com.epam.mentoring.globoforce.calculator.test.Runner.main(Runner.java:27)
... Removed 23 stack frames]]>
    </failure>
  </testcase> <!-- subDoubleTest -->
  <testcase name="subDoubleTest" time="0.0" classname="com.epam.mentoring.globoforce.calculator.test.SubDoubleTest">
    <failure type="java.lang.NullPointerException">
      <![CDATA[java.lang.NullPointerException
	at com.epam.mentoring.globoforce.calculator.test.SubDoubleTest.subDoubleTest(SubDoubleTest.java:12)
	at com.epam.mentoring.globoforce.calculator.test.Runner.main(Runner.java:27)
... Removed 23 stack frames]]>
    </failure>
  </testcase> <!-- subDoubleTest -->
  <testcase name="subDoubleTest" time="0.0" classname="com.epam.mentoring.globoforce.calculator.test.SubDoubleTest">
    <failure type="java.lang.NullPointerException">
      <![CDATA[java.lang.NullPointerException
	at com.epam.mentoring.globoforce.calculator.test.SubDoubleTest.subDoubleTest(SubDoubleTest.java:12)
	at com.epam.mentoring.globoforce.calculator.test.Runner.main(Runner.java:27)
... Removed 23 stack frames]]>
    </failure>
  </testcase> <!-- subDoubleTest -->
  <testcase name="subDoubleTest" time="0.0" classname="com.epam.mentoring.globoforce.calculator.test.SubDoubleTest">
    <failure type="java.lang.NullPointerException">
      <![CDATA[java.lang.NullPointerException
	at com.epam.mentoring.globoforce.calculator.test.SubDoubleTest.subDoubleTest(SubDoubleTest.java:12)
	at com.epam.mentoring.globoforce.calculator.test.Runner.main(Runner.java:27)
... Removed 23 stack frames]]>
    </failure>
  </testcase> <!-- subDoubleTest -->
  <testcase name="subLongTest" time="0.0" classname="com.epam.mentoring.globoforce.calculator.test.SubLongTest">
    <failure type="java.lang.NullPointerException">
      <![CDATA[java.lang.NullPointerException
	at com.epam.mentoring.globoforce.calculator.test.SubLongTest.subLongTest(SubLongTest.java:12)
	at com.epam.mentoring.globoforce.calculator.test.Runner.main(Runner.java:27)
... Removed 23 stack frames]]>
    </failure>
  </testcase> <!-- subLongTest -->
  <testcase name="subLongTest" time="0.0" classname="com.epam.mentoring.globoforce.calculator.test.SubLongTest">
    <failure type="java.lang.NullPointerException">
      <![CDATA[java.lang.NullPointerException
	at com.epam.mentoring.globoforce.calculator.test.SubLongTest.subLongTest(SubLongTest.java:12)
	at com.epam.mentoring.globoforce.calculator.test.Runner.main(Runner.java:27)
... Removed 23 stack frames]]>
    </failure>
  </testcase> <!-- subLongTest -->
  <testcase name="subLongTest" time="0.0" classname="com.epam.mentoring.globoforce.calculator.test.SubLongTest">
    <failure type="java.lang.NullPointerException">
      <![CDATA[java.lang.NullPointerException
	at com.epam.mentoring.globoforce.calculator.test.SubLongTest.subLongTest(SubLongTest.java:12)
	at com.epam.mentoring.globoforce.calculator.test.Runner.main(Runner.java:27)
... Removed 23 stack frames]]>
    </failure>
  </testcase> <!-- subLongTest -->
  <testcase name="subLongTest" time="0.0" classname="com.epam.mentoring.globoforce.calculator.test.SubLongTest">
    <failure type="java.lang.NullPointerException">
      <![CDATA[java.lang.NullPointerException
	at com.epam.mentoring.globoforce.calculator.test.SubLongTest.subLongTest(SubLongTest.java:12)
	at com.epam.mentoring.globoforce.calculator.test.Runner.main(Runner.java:27)
... Removed 23 stack frames]]>
    </failure>
  </testcase> <!-- subLongTest -->
  <testcase name="subDoubleTestExtended" time="0.0" classname="com.epam.mentoring.globoforce.calculator.test.SubDoubleTest">
    <ignored/>
  </testcase> <!-- subDoubleTestExtended -->
  <testcase name="subLongTestExtended" time="0.0" classname="com.epam.mentoring.globoforce.calculator.test.SubLongTest">
    <ignored/>
  </testcase> <!-- subLongTestExtended -->
  <testcase name="sumPositiveDoubleWithBigNumber" time="0.0" classname="com.epam.mentoring.globoforce.calculator.test.SumDoubleTest">
    <ignored/>
  </testcase> <!-- sumPositiveDoubleWithBigNumber -->
</testsuite> <!-- Smoke test -->
